<?xml version="1.0" encoding="UTF-8"?>
<!-- Generated by org.testng.reporters.JUnitXMLReporter -->
<testsuite hostname="DESKTOP-KN642OP" ignored="0" name="Default test" tests="8" failures="0" timestamp="13 Oct 2023 11:09:38 GMT" time="438.317" errors="0">
  <testcase name="verifyManinPageOfKSRTC" time="0.517" classname="com.qa.ksrtc.tests.HomePageTest"/>
  <testcase name="verifySignIn" time="32.967" classname="com.qa.ksrtc.tests.HomePageTest"/>
  <testcase name="verifyLogin" time="34.166" classname="com.qa.ksrtc.tests.HomePageTest"/>
  <testcase name="verifyLogin" time="32.08" classname="com.qa.ksrtc.tests.HomePageTest"/>
  <testcase name="verifyLogin" time="34.493" classname="com.qa.ksrtc.tests.HomePageTest"/>
  <testcase name="verifyForgotPassword" time="94.215" classname="com.qa.ksrtc.tests.HomePageTest"/>
  <testcase name="verifyForgotPassword" time="79.174" classname="com.qa.ksrtc.tests.HomePageTest"/>
  <testcase name="verifyForgotPassword" time="88.089" classname="com.qa.ksrtc.tests.HomePageTest"/>
</testsuite> <!-- Default test -->
